<?xml version="1.0" encoding="UTF-8"?>
<!-- Generated by org.testng.reporters.JUnitReportReporter -->
<testsuite hostname="DESKTOP-TOQV3ER" failures="0" tests="1" name="com.hackathon.insurance.tests.TestScenarioTwo" time="45.945" errors="0" timestamp="2021-03-26T13:30:48 IST" skipped="0">
  <testcase classname="com.hackathon.insurance.tests.TestScenarioTwo" name="TC013" time="45.945"/>
  <system-out/>
</testsuite> <!-- com.hackathon.insurance.tests.TestScenarioTwo -->
