<?xml version="1.0" encoding="UTF-8"?>
<!-- Generated by org.testng.reporters.JUnitReportReporter -->
<testsuite hostname="DESKTOP-TOQV3ER" failures="0" tests="1" name="com.hackathon.insurance.tests.TestCaseOne" time="103.444" errors="0" timestamp="2021-03-26T13:47:38 IST" skipped="0">
  <testcase classname="com.hackathon.insurance.tests.TestCaseOne" name="TC004" time="103.444"/>
  <system-out/>
</testsuite> <!-- com.hackathon.insurance.tests.TestCaseOne -->
