<?xml version="1.0" encoding="UTF-8"?>
<!-- Generated by org.testng.reporters.JUnitReportReporter -->
<testsuite hostname="DESKTOP-TOQV3ER" failures="0" tests="1" name="com.hackathon.insurance.tests.TestScenarioOne" time="36.522" errors="0" timestamp="2021-03-11T19:25:27 IST" skipped="0">
  <testcase classname="com.hackathon.insurance.tests.TestScenarioOne" name="testCaseOne" time="36.522"/>
  <system-out/>
</testsuite> <!-- com.hackathon.insurance.tests.TestScenarioOne -->
