<?xml version="1.0" encoding="UTF-8"?>
<!-- Generated by org.testng.reporters.JUnitReportReporter -->
<testsuite hostname="DESKTOP-TOQV3ER" failures="0" tests="1" name="com.hackathon.insurance.tests.TestClass" time="19.062" errors="0" timestamp="2021-03-24T16:55:41 IST" skipped="0">
  <testcase classname="com.hackathon.insurance.tests.TestClass" name="TC001" time="19.062"/>
  <system-out/>
</testsuite> <!-- com.hackathon.insurance.tests.TestClass -->
