<?xml version="1.0" encoding="UTF-8"?>
<!-- Generated by org.testng.reporters.JUnitReportReporter -->
<testsuite hostname="DESKTOP-TOQV3ER" failures="0" tests="1" name="com.hackathon.insurance.tests.TestClass" time="43.326" errors="0" timestamp="2021-03-25T20:13:34 IST" skipped="0">
  <testcase classname="com.hackathon.insurance.tests.TestClass" name="TC012" time="43.326"/>
  <system-out/>
</testsuite> <!-- com.hackathon.insurance.tests.TestClass -->
