<?xml version="1.0" encoding="UTF-8"?>
<!-- Generated by org.testng.reporters.JUnitReportReporter -->
<testsuite hostname="DESKTOP-TOQV3ER" failures="0" tests="3" name="com.datadriven.framework.test.LoginTest.loginTest" time="94.739" errors="0" timestamp="2021-03-08T20:19:35 IST" skipped="0">
  <testcase classname="com.datadriven.framework.test.LoginTest.loginTest" name="testTwo" time="10.951"/>
  <system-out/>
  <testcase classname="com.datadriven.framework.test.LoginTest.loginTest" name="testThree" time="22.389"/>
  <system-out/>
  <testcase classname="com.datadriven.framework.test.LoginTest.loginTest" name="testOne" time="61.399"/>
  <system-out/>
</testsuite> <!-- com.datadriven.framework.test.LoginTest.loginTest -->
