<?xml version="1.0" encoding="UTF-8"?>
<!-- Generated by org.testng.reporters.JUnitReportReporter -->
<testsuite hostname="DESKTOP-TOQV3ER" failures="0" tests="1" name="com.hackathon.insurance.tests.TestClass" time="28.822" errors="0" timestamp="2021-03-23T11:53:52 IST" skipped="0">
  <testcase classname="com.hackathon.insurance.tests.TestClass" name="testCaseOne" time="28.822"/>
  <system-out/>
</testsuite> <!-- com.hackathon.insurance.tests.TestClass -->
