<?xml version="1.0" encoding="UTF-8"?>
<!-- Generated by org.testng.reporters.JUnitReportReporter -->
<testsuite hostname="DESKTOP-TOQV3ER" failures="0" tests="1" name="com.hackathon.insurance.tests.TestScenarioFour" time="65.895" errors="0" timestamp="2021-03-26T19:12:35 IST" skipped="0">
  <testcase classname="com.hackathon.insurance.tests.TestScenarioFour" name="TC020" time="65.895"/>
  <system-out/>
</testsuite> <!-- com.hackathon.insurance.tests.TestScenarioFour -->
