<?xml version="1.0" encoding="UTF-8"?>
<!-- Generated by org.testng.reporters.JUnitReportReporter -->
<testsuite hostname="DESKTOP-TOQV3ER" failures="0" tests="1" name="com.hackathon.insurance.tests.TestScenarioOne" time="44.101" errors="0" timestamp="2021-03-12T14:26:09 IST" skipped="0">
  <testcase classname="com.hackathon.insurance.tests.TestScenarioOne" name="testCaseOne" time="44.101"/>
  <system-out/>
</testsuite> <!-- com.hackathon.insurance.tests.TestScenarioOne -->
