<?xml version="1.0" encoding="UTF-8"?>
<!-- Generated by org.testng.reporters.JUnitReportReporter -->
<testsuite hostname="DESKTOP-TOQV3ER" failures="0" tests="1" name="com.hackathon.insurance.tests.TestScenarioThree" time="39.909" errors="0" timestamp="2021-03-26T18:53:57 IST" skipped="0">
  <testcase classname="com.hackathon.insurance.tests.TestScenarioThree" name="TC019" time="39.909"/>
  <system-out/>
</testsuite> <!-- com.hackathon.insurance.tests.TestScenarioThree -->
